# JRE version: Java(TM) SE Runtime Environment (9.0+11) (build 9.0.4+11)
# Java VM: Java HotSpot(TM) 64-Bit Server VM (9.0.4+11, mixed mode, tiered, compressed oops, g1 gc, windows-amd64)
Heap:
 garbage-first heap   total 190464K, used 85598K [0x0000000700000000, 0x00000007001005d0, 0x00000007c0000000)
  region size 1024K, 16 young (16384K), 2 survivors (2048K)
 Metaspace       used 86592K, capacity 93031K, committed 93308K, reserved 1130496K
  class space    used 11683K, capacity 12824K, committed 12924K, reserved 1048576K
GC Heap History (10 events):
Event: 725.303 GC heap before
{Heap before GC invocations=216 (full 26):
 garbage-first heap   total 190464K, used 131531K [0x0000000700000000, 0x00000007001005d0, 0x00000007c0000000)
  region size 1024K, 60 young (61440K), 1 survivors (1024K)
 Metaspace       used 86555K, capacity 93031K, committed 93308K, reserved 1130496K
  class space    used 11682K, capacity 12824K, committed 12924K, reserved 1048576K
}
Event: 725.310 GC heap after
{Heap after GC invocations=217 (full 26):
 garbage-first heap   total 190464K, used 71826K [0x0000000700000000, 0x00000007001005d0, 0x00000007c0000000)
  region size 1024K, 2 young (2048K), 2 survivors (2048K)
 Metaspace       used 86555K, capacity 93031K, committed 93308K, reserved 1130496K
  class space    used 11682K, capacity 12824K, committed 12924K, reserved 1048576K
}
Event: 726.577 GC heap before
{Heap before GC invocations=217 (full 26):
 garbage-first heap   total 190464K, used 131218K [0x0000000700000000, 0x00000007001005d0, 0x00000007c0000000)
  region size 1024K, 60 young (61440K), 2 survivors (2048K)
 Metaspace       used 86559K, capacity 93031K, committed 93308K, reserved 1130496K
  class space    used 11682K, capacity 12824K, committed 12924K, reserved 1048576K
}
Event: 726.580 GC heap after
{Heap after GC invocations=218 (full 26):
 garbage-first heap   total 190464K, used 71659K [0x0000000700000000, 0x00000007001005d0, 0x00000007c0000000)
  region size 1024K, 1 young (1024K), 1 survivors (1024K)
 Metaspace       used 86559K, capacity 93031K, committed 93308K, reserved 1130496K
  class space    used 11682K, capacity 12824K, committed 12924K, reserved 1048576K
}
Event: 731.122 GC heap before
{Heap before GC invocations=218 (full 26):
 garbage-first heap   total 190464K, used 132075K [0x0000000700000000, 0x00000007001005d0, 0x00000007c0000000)
  region size 1024K, 60 young (61440K), 1 survivors (1024K)
 Metaspace       used 86563K, capacity 93031K, committed 93308K, reserved 1130496K
  class space    used 11683K, capacity 12824K, committed 12924K, reserved 1048576K
}
Event: 731.126 GC heap after
{Heap after GC invocations=219 (full 26):
 garbage-first heap   total 190464K, used 71794K [0x0000000700000000, 0x00000007001005d0, 0x00000007c0000000)
  region size 1024K, 1 young (1024K), 1 survivors (1024K)
 Metaspace       used 86563K, capacity 93031K, committed 93308K, reserved 1130496K
  class space    used 11683K, capacity 12824K, committed 12924K, reserved 1048576K
}
Event: 734.900 GC heap before
{Heap before GC invocations=219 (full 26):
 garbage-first heap   total 190464K, used 132210K [0x0000000700000000, 0x00000007001005d0, 0x00000007c0000000)
  region size 1024K, 60 young (61440K), 1 survivors (1024K)
 Metaspace       used 86583K, capacity 93031K, committed 93308K, reserved 1130496K
  class space    used 11683K, capacity 12824K, committed 12924K, reserved 1048576K
}
Event: 734.905 GC heap after
{Heap after GC invocations=220 (full 26):
 garbage-first heap   total 190464K, used 72375K [0x0000000700000000, 0x00000007001005d0, 0x00000007c0000000)
  region size 1024K, 2 young (2048K), 2 survivors (2048K)
 Metaspace       used 86583K, capacity 93031K, committed 93308K, reserved 1130496K
  class space    used 11683K, capacity 12824K, committed 12924K, reserved 1048576K
}
Event: 735.089 GC heap before
{Heap before GC invocations=220 (full 26):
 garbage-first heap   total 190464K, used 131767K [0x0000000700000000, 0x00000007001005d0, 0x00000007c0000000)
  region size 1024K, 60 young (61440K), 2 survivors (2048K)
 Metaspace       used 86590K, capacity 93031K, committed 93308K, reserved 1130496K
  class space    used 11683K, capacity 12824K, committed 12924K, reserved 1048576K
}
Event: 735.092 GC heap after
{Heap after GC invocations=221 (full 26):
 garbage-first heap   total 190464K, used 72286K [0x0000000700000000, 0x00000007001005d0, 0x00000007c0000000)
  region size 1024K, 2 young (2048K), 2 survivors (2048K)
 Metaspace       used 86590K, capacity 93031K, committed 93308K, reserved 1130496K
  class space    used 11683K, capacity 12824K, committed 12924K, reserved 1048576K
}

